Arguments: 
  C:\Program Files\nodejs\node.exe C:\Users\keita\AppData\Roaming\npm\node_modules\yarn\bin\yarn.js add --dev eslint eslint-plugin-jes

PATH: 
  C:\Program Files (x86)\Common Files\Oracle\Java\javapath;C:\Windows\system32;C:\Windows;C:\Windows\System32\Wbem;C:\Windows\System32\WindowsPowerShell\v1.0\;C:\Windows\System32\OpenSSH\;C:\Program Files (x86)\NVIDIA Corporation\PhysX\Common;C:\Program Files\NVIDIA Corporation\NVIDIA NvDLISR;C:\xampp\php;C:\ProgramData\ComposerSetup\bin;C:\WINDOWS\system32;C:\WINDOWS;C:\WINDOWS\System32\Wbem;C:\WINDOWS\System32\WindowsPowerShell\v1.0\;C:\WINDOWS\System32\OpenSSH\;C:\Program Files\PuTTY\;C:\Program Files\Git\cmd;;C:\Program Files\Docker\Docker\resources\bin;C:\Program Files\nodejs\;C:\Users\keita\AppData\Local\pnpm;C:\Users\keita\AppData\Local\Programs\Python\Python311\Scripts\;C:\Users\keita\AppData\Local\Programs\Python\Python311\;C:\Users\keita\AppData\Local\Microsoft\WindowsApps;C:\Users\keita\AppData\Local\Programs\Microsoft VS Code\bin;C:\Users\keita\AppData\Roaming\Composer\vendor\bin;C:\Users\keita\AppData\Local\GitHubDesktop\bin;C:\Users\keita\OneDrive\sqlite\sqlite-tools-win32-x86-3430100;C:\Users\keita\AppData\Roaming\npm

Yarn version: 
  1.22.19

Node version: 
  20.11.0

Platform: 
  win32 x64

Trace: 
  Error: https://registry.yarnpkg.com/eslint-plugin-jes: Not found
      at params.callback [as _callback] (C:\Users\keita\AppData\Roaming\npm\node_modules\yarn\lib\cli.js:66145:18)
      at self.callback (C:\Users\keita\AppData\Roaming\npm\node_modules\yarn\lib\cli.js:140890:22)
      at Request.emit (node:events:518:28)
      at Request.<anonymous> (C:\Users\keita\AppData\Roaming\npm\node_modules\yarn\lib\cli.js:141862:10)
      at Request.emit (node:events:518:28)
      at IncomingMessage.<anonymous> (C:\Users\keita\AppData\Roaming\npm\node_modules\yarn\lib\cli.js:141784:12)
      at Object.onceWrapper (node:events:632:28)
      at IncomingMessage.emit (node:events:530:35)
      at endReadableNT (node:internal/streams/readable:1696:12)
      at process.processTicksAndRejections (node:internal/process/task_queues:82:21)

npm manifest: 
  {
    "name": "next-example-app",
    "version": "0.1.0",
    "private": true,
    "scripts": {
      "dev": "next dev",
      "build": "next build",
      "start": "next start",
      "lint": "next lint",
      "storybook": "storybook dev -p 6006",
      "build-storybook": "storybook build",
      "chromatic": "npx chromatic --project-token=$CHROMATIC_PROJECT_TOKEN",
      "test": "jest"
    },
    "dependencies": {
      "@storybook/jest": "^0.2.3",
      "@storybook/testing-library": "^0.2.2",
      "next": "14.1.0",
      "react": "^18",
      "react-dom": "^18",
      "ts-jest": "^29.1.2"
    },
    "devDependencies": {
      "@babel/preset-env": "^7.23.9",
      "@babel/preset-react": "^7.23.3",
      "@storybook/addon-essentials": "^7.6.16",
      "@storybook/addon-interactions": "^7.6.16",
      "@storybook/addon-links": "^7.6.16",
      "@storybook/addon-onboarding": "^1.0.11",
      "@storybook/blocks": "^7.6.16",
      "@storybook/nextjs": "^7.6.16",
      "@storybook/react": "^7.6.16",
      "@storybook/test": "^7.6.16",
      "@storybook/testing-react": "^2.0.1",
      "@testing-library/jest-dom": "^6.4.2",
      "@testing-library/react": "^14.2.1",
      "@types/node": "^20",
      "@types/react": "^18",
      "@types/react-dom": "^18",
      "autoprefixer": "^10.0.1",
      "babel-jest": "^29.7.0",
      "chromatic": "^11.0.0",
      "eslint": "^8",
      "eslint-config-next": "14.1.0",
      "eslint-config-prettier": "^9.1.0",
      "eslint-plugin-storybook": "^0.8.0",
      "eslint-plugin-tailwindcss": "^3.14.2",
      "jest": "^29.7.0",
      "jest-environment-jsdom": "^29.7.0",
      "postcss": "^8",
      "prettier": "^3.2.5",
      "storybook": "^7.6.16",
      "tailwindcss": "^3.3.0",
      "typescript": "^5"
    }
  }

yarn manifest: 
  No manifest

Lockfile: 
  No lockfile
